Сборка начата 24.01.2025 18:00:06.
Уровень детализации журнала: Normal.     1>Проект "C:\лабы\Наркевич\КПО\KPO-3sem\SDV-2024\SE_CourseProject\SE_CourseProject\SE_CourseProject.vcxproj" в узле 2 (целевые объекты Build).
     1>PrepareForBuild:
         Структурированный вывод включен. Форматирование диагностики компилятора будет отражать иерархию ошибок. Подробнее см. https://aka.ms/cpp/structured-output.
       InitializeBuildStatus:
         Создание "Debug\SE_CourseProject.tlog\unsuccessfulbuild", так как было задано "AlwaysCreate".
         Обращение к "Debug\SE_CourseProject.tlog\unsuccessfulbuild".
       ClCompile:
         C:\Program Files\Microsoft Visual Studio\2022\Community\VC\Tools\MSVC\14.41.34120\bin\HostX86\x86\CL.exe /c /ZI /JMC /nologo /W3 /WX- /diagnostics:column /sdl /Od /Oy- /D WIN32 /D _DEBUG /D _CONSOLE /D _UNICODE /D UNICODE /Gm- /EHsc /RTC1 /MDd /GS /fp:precise /Zc:wchar_t /Zc:forScope /Zc:inline /permissive- /Fo"Debug\\" /Fd"Debug\vc143.pdb" /external:W3 /Gd /TP /analyze- /FC /errorReport:prompt Error.cpp FST.cpp Generation.cpp GRB.cpp In.cpp IT.cpp Lexer.cpp Log.cpp LT.cpp main.cpp MFST.cpp Out.cpp Parm.cpp Polish.cpp SemAnalysis.cpp
         Error.cpp
         FST.cpp
     1>C:\лабы\Наркевич\КПО\KPO-3sem\SDV-2024\SE_CourseProject\SE_CourseProject\FST.cpp(86,23): warning C4267: инициализация: преобразование из "size_t" в "short"; возможна потеря данных
         Generation.cpp
         GRB.cpp
     1>C:\лабы\Наркевич\КПО\KPO-3sem\SDV-2024\SE_CourseProject\SE_CourseProject\Rules.h(7,9): warning C4005: NS: изменение макроопределения
         (компиляция исходного файла "GRB.cpp")
             C:\лабы\Наркевич\КПО\KPO-3sem\SDV-2024\SE_CourseProject\SE_CourseProject\GRB.h(3,9):
             см. предыдущее определение "NS"
         
     1>C:\лабы\Наркевич\КПО\KPO-3sem\SDV-2024\SE_CourseProject\SE_CourseProject\Rules.h(8,9): warning C4005: TS: изменение макроопределения
         (компиляция исходного файла "GRB.cpp")
             C:\лабы\Наркевич\КПО\KPO-3sem\SDV-2024\SE_CourseProject\SE_CourseProject\GRB.h(4,9):
             см. предыдущее определение "TS"
         
         In.cpp
     1>C:\лабы\Наркевич\КПО\KPO-3sem\SDV-2024\SE_CourseProject\SE_CourseProject\In.cpp(2,10): warning C4067: непредвиденные лексемы за директивой препроцессора, требуется newline
     1>C:\лабы\Наркевич\КПО\KPO-3sem\SDV-2024\SE_CourseProject\SE_CourseProject\In.cpp(3,10): warning C4067: непредвиденные лексемы за директивой препроцессора, требуется newline
         IT.cpp
         Lexer.cpp
     1>C:\лабы\Наркевич\КПО\KPO-3sem\SDV-2024\SE_CourseProject\SE_CourseProject\LT.h(62,21): warning C4838: Преобразование из "unsigned int" в "int" требует сужающего преобразования.
         (компиляция исходного файла "Lexer.cpp")
         
         Log.cpp
         LT.cpp
         main.cpp
         MFST.cpp
     1>C:\лабы\Наркевич\КПО\KPO-3sem\SDV-2024\SE_CourseProject\SE_CourseProject\MFST.cpp(255,66): warning C4267: =: преобразование из "size_t" в "short"; возможна потеря данных
         Out.cpp
         Parm.cpp
     1>C:\лабы\Наркевич\КПО\KPO-3sem\SDV-2024\SE_CourseProject\SE_CourseProject\Parm.cpp(56,19): warning C4267: инициализация: преобразование из "size_t" в "short"; возможна потеря данных
     1>C:\лабы\Наркевич\КПО\KPO-3sem\SDV-2024\SE_CourseProject\SE_CourseProject\Parm.cpp(68,19): warning C4267: инициализация: преобразование из "size_t" в "short"; возможна потеря данных
         Polish.cpp
         SemAnalysis.cpp
         Создание кода...
       Link:
         C:\Program Files\Microsoft Visual Studio\2022\Community\VC\Tools\MSVC\14.41.34120\bin\HostX86\x86\link.exe /ERRORREPORT:PROMPT /OUT:"C:\лабы\Наркевич\КПО\KPO-3sem\SDV-2024\SE_CourseProject\Debug\SE_CourseProject.exe" /INCREMENTAL /ILK:"Debug\SE_CourseProject.ilk" /NOLOGO kernel32.lib user32.lib gdi32.lib winspool.lib comdlg32.lib advapi32.lib shell32.lib ole32.lib oleaut32.lib uuid.lib odbc32.lib odbccp32.lib /MANIFEST /MANIFESTUAC:"level='asInvoker' uiAccess='false'" /manifest:embed /DEBUG /PDB:"C:\лабы\Наркевич\КПО\KPO-3sem\SDV-2024\SE_CourseProject\Debug\SE_CourseProject.pdb" /SUBSYSTEM:CONSOLE /TLBID:1 /DYNAMICBASE /NXCOMPAT /IMPLIB:"C:\лабы\Наркевич\КПО\KPO-3sem\SDV-2024\SE_CourseProject\Debug\SE_CourseProject.lib" /MACHINE:X86 Debug\Error.obj
         Debug\FST.obj
         Debug\Generation.obj
         Debug\GRB.obj
         Debug\In.obj
         Debug\IT.obj
         Debug\Lexer.obj
         Debug\Log.obj
         Debug\LT.obj
         Debug\main.obj
         Debug\MFST.obj
         Debug\Out.obj
         Debug\Parm.obj
         Debug\Polish.obj
         Debug\SemAnalysis.obj
         SE_CourseProject.vcxproj -> C:\лабы\Наркевич\КПО\KPO-3sem\SDV-2024\SE_CourseProject\Debug\SE_CourseProject.exe
       TlogCleanup:
         Следующие элементы будут удалены из tlogs, так как они были удалены из проекта или сборки: C:\лабы\Наркевич\КПО\KPO-3sem\Курсовой проект\SE_CourseProject\SE_CourseProject\Error.cpp.
       FinalizeBuildStatus:
         Файл "Debug\SE_CourseProject.tlog\unsuccessfulbuild" удаляется.
         Обращение к "Debug\SE_CourseProject.tlog\SE_CourseProject.lastbuildstate".
     1>Сборка проекта "C:\лабы\Наркевич\КПО\KPO-3sem\SDV-2024\SE_CourseProject\SE_CourseProject\SE_CourseProject.vcxproj" завершена (целевые объекты Build).

Сборка успешно завершена.

       "C:\лабы\Наркевич\КПО\KPO-3sem\SDV-2024\SE_CourseProject\SE_CourseProject\SE_CourseProject.vcxproj" (целевой объект Build ) (1) ->
       (Целевой объект ClCompile) -> 
         C:\лабы\Наркевич\КПО\KPO-3sem\SDV-2024\SE_CourseProject\SE_CourseProject\FST.cpp(86,23): warning C4267: инициализация: преобразование из "size_t" в "short"; возможна потеря данных
         C:\лабы\Наркевич\КПО\KPO-3sem\SDV-2024\SE_CourseProject\SE_CourseProject\Rules.h(7,9): warning C4005: NS: изменение макроопределения
         C:\лабы\Наркевич\КПО\KPO-3sem\SDV-2024\SE_CourseProject\SE_CourseProject\Rules.h(8,9): warning C4005: TS: изменение макроопределения
         C:\лабы\Наркевич\КПО\KPO-3sem\SDV-2024\SE_CourseProject\SE_CourseProject\In.cpp(2,10): warning C4067: непредвиденные лексемы за директивой препроцессора, требуется newline
         C:\лабы\Наркевич\КПО\KPO-3sem\SDV-2024\SE_CourseProject\SE_CourseProject\In.cpp(3,10): warning C4067: непредвиденные лексемы за директивой препроцессора, требуется newline
         C:\лабы\Наркевич\КПО\KPO-3sem\SDV-2024\SE_CourseProject\SE_CourseProject\LT.h(62,21): warning C4838: Преобразование из "unsigned int" в "int" требует сужающего преобразования.
         C:\лабы\Наркевич\КПО\KPO-3sem\SDV-2024\SE_CourseProject\SE_CourseProject\MFST.cpp(255,66): warning C4267: =: преобразование из "size_t" в "short"; возможна потеря данных
         C:\лабы\Наркевич\КПО\KPO-3sem\SDV-2024\SE_CourseProject\SE_CourseProject\Parm.cpp(56,19): warning C4267: инициализация: преобразование из "size_t" в "short"; возможна потеря данных
         C:\лабы\Наркевич\КПО\KPO-3sem\SDV-2024\SE_CourseProject\SE_CourseProject\Parm.cpp(68,19): warning C4267: инициализация: преобразование из "size_t" в "short"; возможна потеря данных

    Предупреждений: 9
    Ошибок: 0

Прошло времени 00:00:09.77
