c:\лабы\наркевич\кпо\kpo-3sem\курсовой проект\se_courseproject\se_courseproject\debug\vc143.pdb
c:\лабы\наркевич\кпо\kpo-3sem\курсовой проект\se_courseproject\se_courseproject\debug\vc143.idb
c:\лабы\наркевич\кпо\kpo-3sem\курсовой проект\se_courseproject\se_courseproject\debug\semanalysis.obj
c:\лабы\наркевич\кпо\kpo-3sem\курсовой проект\se_courseproject\se_courseproject\debug\polish.obj
c:\лабы\наркевич\кпо\kpo-3sem\курсовой проект\se_courseproject\se_courseproject\debug\parm.obj
c:\лабы\наркевич\кпо\kpo-3sem\курсовой проект\se_courseproject\se_courseproject\debug\out.obj
c:\лабы\наркевич\кпо\kpo-3sem\курсовой проект\se_courseproject\se_courseproject\debug\mfst.obj
c:\лабы\наркевич\кпо\kpo-3sem\курсовой проект\se_courseproject\se_courseproject\debug\main.obj
c:\лабы\наркевич\кпо\kpo-3sem\курсовой проект\se_courseproject\se_courseproject\debug\lt.obj
c:\лабы\наркевич\кпо\kpo-3sem\курсовой проект\se_courseproject\se_courseproject\debug\log.obj
c:\лабы\наркевич\кпо\kpo-3sem\курсовой проект\se_courseproject\se_courseproject\debug\lexer.obj
c:\лабы\наркевич\кпо\kpo-3sem\курсовой проект\se_courseproject\se_courseproject\debug\it.obj
c:\лабы\наркевич\кпо\kpo-3sem\курсовой проект\se_courseproject\se_courseproject\debug\in.obj
c:\лабы\наркевич\кпо\kpo-3sem\курсовой проект\se_courseproject\se_courseproject\debug\grb.obj
c:\лабы\наркевич\кпо\kpo-3sem\курсовой проект\se_courseproject\se_courseproject\debug\generation.obj
c:\лабы\наркевич\кпо\kpo-3sem\курсовой проект\se_courseproject\se_courseproject\debug\fst.obj
c:\лабы\наркевич\кпо\kpo-3sem\курсовой проект\se_courseproject\se_courseproject\debug\error.obj
c:\лабы\наркевич\кпо\kpo-3sem\курсовой проект\se_courseproject\debug\se_courseproject.exe
c:\лабы\наркевич\кпо\kpo-3sem\курсовой проект\se_courseproject\debug\se_courseproject.pdb
c:\лабы\наркевич\кпо\kpo-3sem\курсовой проект\se_courseproject\se_courseproject\debug\se_courseproject.ilk
c:\лабы\наркевич\кпо\kpo-3sem\курсовой проект\se_courseproject\se_courseproject\debug\se_courseproject.tlog\cl.command.1.tlog
c:\лабы\наркевич\кпо\kpo-3sem\курсовой проект\se_courseproject\se_courseproject\debug\se_courseproject.tlog\cl.items.tlog
c:\лабы\наркевич\кпо\kpo-3sem\курсовой проект\se_courseproject\se_courseproject\debug\se_courseproject.tlog\cl.read.1.tlog
c:\лабы\наркевич\кпо\kpo-3sem\курсовой проект\se_courseproject\se_courseproject\debug\se_courseproject.tlog\cl.write.1.tlog
c:\лабы\наркевич\кпо\kpo-3sem\курсовой проект\se_courseproject\se_courseproject\debug\se_courseproject.tlog\link.command.1.tlog
c:\лабы\наркевич\кпо\kpo-3sem\курсовой проект\se_courseproject\se_courseproject\debug\se_courseproject.tlog\link.read.1.tlog
c:\лабы\наркевич\кпо\kpo-3sem\курсовой проект\se_courseproject\se_courseproject\debug\se_courseproject.tlog\link.secondary.1.tlog
c:\лабы\наркевич\кпо\kpo-3sem\курсовой проект\se_courseproject\se_courseproject\debug\se_courseproject.tlog\link.write.1.tlog
