Сборка начата 15.12.2024 03:27:52.
Уровень детализации журнала: Normal.     1>Проект "C:\лабы\Наркевич\КПО\KPO-3sem\Курсовой проект\SE_CourseProject\Library\Library.vcxproj" в узле 2 (целевые объекты Build).
     1>PrepareForBuild:
         Структурированный вывод включен. Форматирование диагностики компилятора будет отражать иерархию ошибок. Подробнее см. https://aka.ms/cpp/structured-output.
       InitializeBuildStatus:
         Создание "Debug\Library.tlog\unsuccessfulbuild", так как было задано "AlwaysCreate".
         Обращение к "Debug\Library.tlog\unsuccessfulbuild".
       ClCompile:
         C:\Program Files\Microsoft Visual Studio\2022\Community\VC\Tools\MSVC\14.41.34120\bin\HostX86\x86\CL.exe /c /ZI /JMC /nologo /W3 /WX- /diagnostics:column /sdl /Od /Oy- /D WIN32 /D _DEBUG /D _LIB /D _UNICODE /D UNICODE /Gm- /EHsc /RTC1 /MDd /GS /fp:precise /Zc:wchar_t /Zc:forScope /Zc:inline /permissive- /Fo"Debug\\" /Fd"C:\лабы\Наркевич\КПО\KPO-3sem\Курсовой проект\SE_CourseProject\Debug\Library.pdb" /external:W3 /Gd /TP /analyze- /FC /errorReport:prompt Library.cpp
         Library.cpp
     1>C:\лабы\Наркевич\КПО\KPO-3sem\Курсовой проект\SE_CourseProject\Library\Library.cpp(8,13): warning C4244: аргумент: преобразование "time_t" в "unsigned int", возможна потеря данных
       Lib:
         C:\Program Files\Microsoft Visual Studio\2022\Community\VC\Tools\MSVC\14.41.34120\bin\HostX86\x86\Lib.exe /OUT:"C:\лабы\Наркевич\КПО\KPO-3sem\Курсовой проект\SE_CourseProject\Debug\Library.lib" /NOLOGO /MACHINE:X86 Debug\Library.obj
         Library.vcxproj -> C:\лабы\Наркевич\КПО\KPO-3sem\Курсовой проект\SE_CourseProject\Debug\Library.lib
       FinalizeBuildStatus:
         Файл "Debug\Library.tlog\unsuccessfulbuild" удаляется.
         Обращение к "Debug\Library.tlog\Library.lastbuildstate".
     1>Сборка проекта "C:\лабы\Наркевич\КПО\KPO-3sem\Курсовой проект\SE_CourseProject\Library\Library.vcxproj" завершена (целевые объекты Build).

Сборка успешно завершена.

       "C:\лабы\Наркевич\КПО\KPO-3sem\Курсовой проект\SE_CourseProject\Library\Library.vcxproj" (целевой объект Build ) (1) ->
       (Целевой объект ClCompile) -> 
         C:\лабы\Наркевич\КПО\KPO-3sem\Курсовой проект\SE_CourseProject\Library\Library.cpp(8,13): warning C4244: аргумент: преобразование "time_t" в "unsigned int", возможна потеря данных

    Предупреждений: 1
    Ошибок: 0

Прошло времени 00:00:00.70
